<?xml version="1.0" encoding="UTF-8"?>
<robot generator="Robot 3.0.2 (Python 3.6.2 on darwin)" generated="20180221 21:03:01.350">
<suite id="s1" name="Sample" source="/Users/ccao/python-workshop/course3/robot-quick-start/sample.robot">
<kw name="Setup chromedriver" type="setup">
<kw name="Set Environment Variable" library="OperatingSystem">
<doc>Sets an environment variable to a specified value.</doc>
<arguments>
<arg>webdriver.chrome.driver</arg>
<arg>./lib/chromedriver</arg>
</arguments>
<msg timestamp="20180221 21:03:01.521" level="INFO">Environment variable 'webdriver.chrome.driver' set to value './lib/chromedriver'.</msg>
<status status="PASS" starttime="20180221 21:03:01.521" endtime="20180221 21:03:01.521"></status>
</kw>
<status status="PASS" starttime="20180221 21:03:01.520" endtime="20180221 21:03:01.521"></status>
</kw>
<test id="s1-t1" name="Take an annotated screenshot of RobotFramework.org">
<kw name="Open Browser" library="Selenium2Library">
<doc>Opens a new browser instance to the given ``url``.</doc>
<arguments>
<arg>http://robotframework.org/</arg>
</arguments>
<msg timestamp="20180221 21:03:01.522" level="INFO">Opening browser 'firefox' to base url 'http://robotframework.org/'.</msg>
<kw name="Capture Page Screenshot" library="Selenium2Library">
<doc>Takes screenshot of the current page and embeds it into log file.</doc>
<msg timestamp="20180221 21:03:01.541" level="INFO">Cannot capture screenshot because no browser is open.</msg>
<status status="PASS" starttime="20180221 21:03:01.541" endtime="20180221 21:03:01.542"></status>
</kw>
<msg timestamp="20180221 21:03:01.543" level="FAIL">WebDriverException: Message: 'geckodriver' executable needs to be in PATH. 
</msg>
<status status="FAIL" starttime="20180221 21:03:01.522" endtime="20180221 21:03:01.543"></status>
</kw>
<status status="FAIL" starttime="20180221 21:03:01.521" endtime="20180221 21:03:01.543" critical="yes">WebDriverException: Message: 'geckodriver' executable needs to be in PATH. 
</status>
</test>
<status status="FAIL" starttime="20180221 21:03:01.351" endtime="20180221 21:03:01.545"></status>
</suite>
<statistics>
<total>
<stat pass="0" fail="1">Critical Tests</stat>
<stat pass="0" fail="1">All Tests</stat>
</total>
<tag>
</tag>
<suite>
<stat pass="0" fail="1" id="s1" name="Sample">Sample</stat>
</suite>
</statistics>
<errors>
</errors>
</robot>
