<?xml version="1.0" encoding="UTF-8"?>
<robot generator="Robot 3.0.4 (Python 3.6.2 on darwin)" generated="20190525 17:59:25.106">
<suite id="s1" name="Justeat" source="/Users/ccao/python-workshop/course4/justeat/justeat.robot">
<test id="s1-t1" name="User can find a store close to the location">
<kw name="User Enter Address In Search Box" library="OrderLibrary">
<arguments>
<arg>${ADDRESS}</arg>
</arguments>
<status status="PASS" starttime="20190525 17:59:28.139" endtime="20190525 17:59:40.268"></status>
</kw>
<kw name="Chose The First Store Avaliable" library="OrderLibrary">
<status status="PASS" starttime="20190525 17:59:40.268" endtime="20190525 17:59:42.684"></status>
</kw>
<kw name="Store Name Should Be" library="OrderLibrary">
<arguments>
<arg>${STORE_NAME}</arg>
</arguments>
<status status="PASS" starttime="20190525 17:59:42.685" endtime="20190525 17:59:44.729"></status>
</kw>
<kw name="Close Browser" library="Selenium2Library">
<doc>Closes the current browser.</doc>
<status status="PASS" starttime="20190525 17:59:44.730" endtime="20190525 17:59:44.730"></status>
</kw>
<kw name="Close Browser" library="Selenium2Library" type="teardown">
<doc>Closes the current browser.</doc>
<status status="PASS" starttime="20190525 17:59:44.731" endtime="20190525 17:59:44.731"></status>
</kw>
<tags>
<tag>UAT</tag>
</tags>
<status status="PASS" starttime="20190525 17:59:28.138" endtime="20190525 17:59:44.731" critical="yes"></status>
</test>
<status status="PASS" starttime="20190525 17:59:25.108" endtime="20190525 17:59:44.733"></status>
</suite>
<statistics>
<total>
<stat pass="1" fail="0">Critical Tests</stat>
<stat pass="1" fail="0">All Tests</stat>
</total>
<tag>
<stat pass="1" fail="0">UAT</stat>
</tag>
<suite>
<stat pass="1" fail="0" id="s1" name="Justeat">Justeat</stat>
</suite>
</statistics>
<errors>
</errors>
</robot>
