<?xml version="1.0" encoding="UTF-8"?>
<robot generator="Robot 3.0.4 (Python 3.6.2 on darwin)" generated="20181201 17:27:11.911">
<suite id="s1" name="Facebook" source="/Users/ccao/python-workshop/course4/facebook/facebook.robot">
<test id="s1-t1" name="User cannot log in with bad password">
<kw name="Generate Random String" library="String">
<doc>Generates a string with a desired ``length`` from the given ``chars``.</doc>
<arguments>
<arg>5</arg>
</arguments>
<assign>
<var>${RANDOM_STRING}</var>
</assign>
<msg timestamp="20181201 17:27:16.198" level="INFO">${RANDOM_STRING} = Vl4lo</msg>
<status status="PASS" starttime="20181201 17:27:16.197" endtime="20181201 17:27:16.198"></status>
</kw>
<kw name="Attempt To Login With Credentials" library="LoginLibrary">
<arguments>
<arg>${RANDOM_STRING}</arg>
<arg>${PASSWORD}</arg>
</arguments>
<status status="PASS" starttime="20181201 17:27:16.198" endtime="20181201 17:27:20.474"></status>
</kw>
<kw name="Status Should Be" library="LoginLibrary">
<arguments>
<arg>Log Into Facebook</arg>
</arguments>
<status status="PASS" starttime="20181201 17:27:20.475" endtime="20181201 17:27:20.501"></status>
</kw>
<tags>
<tag>facebook</tag>
<tag>UAT</tag>
</tags>
<status status="PASS" starttime="20181201 17:27:16.196" endtime="20181201 17:27:20.502" critical="yes"></status>
</test>
<test id="s1-t2" name="User can create an account and log in">
<kw name="Generate Random String" library="String">
<doc>Generates a string with a desired ``length`` from the given ``chars``.</doc>
<arguments>
<arg>5</arg>
</arguments>
<assign>
<var>${RANDOM_USERNAME}</var>
</assign>
<msg timestamp="20181201 17:27:20.504" level="INFO">${RANDOM_USERNAME} = lPwCa</msg>
<status status="PASS" starttime="20181201 17:27:20.503" endtime="20181201 17:27:20.504"></status>
</kw>
<kw name="Create valid user">
<arguments>
<arg>${RANDOM_USERNAME}</arg>
<arg>${PASSWORD}</arg>
</arguments>
<kw name="Create User" library="LoginLibrary">
<arguments>
<arg>${username}</arg>
<arg>${password}</arg>
</arguments>
<msg timestamp="20181201 17:27:24.650" level="INFO">create lPwCa J4n3D0e</msg>
<status status="PASS" starttime="20181201 17:27:20.504" endtime="20181201 17:27:24.650"></status>
</kw>
<status status="PASS" starttime="20181201 17:27:20.504" endtime="20181201 17:27:24.651"></status>
</kw>
<kw name="Log" library="BuiltIn">
<doc>Logs the given message with the given level.</doc>
<arguments>
<arg>Create Valid User ${RANDOM_USERNAME}</arg>
</arguments>
<msg timestamp="20181201 17:27:24.652" level="INFO">Create Valid User lPwCa</msg>
<status status="PASS" starttime="20181201 17:27:24.651" endtime="20181201 17:27:24.652"></status>
</kw>
<kw name="Attempt To Login With Credentials" library="LoginLibrary">
<arguments>
<arg>${RANDOM_USERNAME}</arg>
<arg>${PASSWORD}</arg>
</arguments>
<status status="PASS" starttime="20181201 17:27:24.652" endtime="20181201 17:27:25.984"></status>
</kw>
<kw name="Status Should Be" library="LoginLibrary">
<arguments>
<arg>Logged In</arg>
</arguments>
<msg timestamp="20181201 17:27:26.014" level="FAIL">Expected status should be 'Logged In' but was 'Log Into Facebook'.</msg>
<status status="FAIL" starttime="20181201 17:27:25.984" endtime="20181201 17:27:26.014"></status>
</kw>
<tags>
<tag>facebook</tag>
<tag>UAT</tag>
</tags>
<status status="FAIL" starttime="20181201 17:27:20.503" endtime="20181201 17:27:26.015" critical="yes">Expected status should be 'Logged In' but was 'Log Into Facebook'.</status>
</test>
<status status="FAIL" starttime="20181201 17:27:11.912" endtime="20181201 17:27:26.016"></status>
</suite>
<statistics>
<total>
<stat pass="1" fail="1">Critical Tests</stat>
<stat pass="1" fail="1">All Tests</stat>
</total>
<tag>
<stat pass="1" fail="1">facebook</stat>
<stat pass="1" fail="1">UAT</stat>
</tag>
<suite>
<stat pass="1" fail="1" id="s1" name="Facebook">Facebook</stat>
</suite>
</statistics>
<errors>
</errors>
</robot>
