<?xml version="1.0" encoding="UTF-8"?>
<robot generator="Robot 3.0.2 (Python 3.6.2 on darwin)" generated="20180214 20:33:17.678">
<suite id="s1" name="QuickStart" source="/Users/ccao/python-workshop/course3/robert-quick-start/QuickStart.robot">
<test id="s1-t1" name="User can create an account and log in">
<kw name="Create valid user">
<arguments>
<arg>fred</arg>
<arg>P4ssw0rd</arg>
</arguments>
<kw name="Create User" library="LoginLibrary">
<arguments>
<arg>${username}</arg>
<arg>${password}</arg>
</arguments>
<status status="PASS" starttime="20180214 20:33:17.719" endtime="20180214 20:33:17.799"></status>
</kw>
<kw name="Status Should Be" library="LoginLibrary">
<arguments>
<arg>SUCCESS</arg>
</arguments>
<status status="PASS" starttime="20180214 20:33:17.800" endtime="20180214 20:33:17.800"></status>
</kw>
<status status="PASS" starttime="20180214 20:33:17.719" endtime="20180214 20:33:17.800"></status>
</kw>
<kw name="Attempt To Login With Credentials" library="LoginLibrary">
<arguments>
<arg>fred</arg>
<arg>P4ssw0rd</arg>
</arguments>
<status status="PASS" starttime="20180214 20:33:17.801" endtime="20180214 20:33:17.874"></status>
</kw>
<kw name="Status Should Be" library="LoginLibrary">
<arguments>
<arg>Logged In</arg>
</arguments>
<status status="PASS" starttime="20180214 20:33:17.874" endtime="20180214 20:33:17.875"></status>
</kw>
<tags>
<tag>example</tag>
<tag>quickstart</tag>
<tag>smoke</tag>
</tags>
<status status="PASS" starttime="20180214 20:33:17.718" endtime="20180214 20:33:17.875" critical="yes"></status>
</test>
<test id="s1-t2" name="User cannot log in with bad password">
<kw name="Create valid user">
<arguments>
<arg>betty</arg>
<arg>P4ssw0rd</arg>
</arguments>
<kw name="Create User" library="LoginLibrary">
<arguments>
<arg>${username}</arg>
<arg>${password}</arg>
</arguments>
<status status="PASS" starttime="20180214 20:33:17.876" endtime="20180214 20:33:17.950"></status>
</kw>
<kw name="Status Should Be" library="LoginLibrary">
<arguments>
<arg>SUCCESS</arg>
</arguments>
<status status="PASS" starttime="20180214 20:33:17.951" endtime="20180214 20:33:17.951"></status>
</kw>
<status status="PASS" starttime="20180214 20:33:17.876" endtime="20180214 20:33:17.952"></status>
</kw>
<kw name="Attempt To Login With Credentials" library="LoginLibrary">
<arguments>
<arg>betty</arg>
<arg>wrong</arg>
</arguments>
<status status="PASS" starttime="20180214 20:33:17.952" endtime="20180214 20:33:18.023"></status>
</kw>
<kw name="Status Should Be" library="LoginLibrary">
<arguments>
<arg>Access Denied</arg>
</arguments>
<status status="PASS" starttime="20180214 20:33:18.023" endtime="20180214 20:33:18.024"></status>
</kw>
<tags>
<tag>example</tag>
<tag>quickstart</tag>
<tag>smoke</tag>
</tags>
<status status="PASS" starttime="20180214 20:33:17.876" endtime="20180214 20:33:18.024" critical="yes"></status>
</test>
<test id="s1-t3" name="User can change password">
<kw name="Given a user has a valid account">
<kw name="Create valid user">
<arguments>
<arg>${USERNAME}</arg>
<arg>${PASSWORD}</arg>
</arguments>
<kw name="Create User" library="LoginLibrary">
<arguments>
<arg>${username}</arg>
<arg>${password}</arg>
</arguments>
<status status="PASS" starttime="20180214 20:33:18.026" endtime="20180214 20:33:18.098"></status>
</kw>
<kw name="Status Should Be" library="LoginLibrary">
<arguments>
<arg>SUCCESS</arg>
</arguments>
<status status="PASS" starttime="20180214 20:33:18.098" endtime="20180214 20:33:18.099"></status>
</kw>
<status status="PASS" starttime="20180214 20:33:18.025" endtime="20180214 20:33:18.099"></status>
</kw>
<status status="PASS" starttime="20180214 20:33:18.025" endtime="20180214 20:33:18.099"></status>
</kw>
<kw name="When she changes her password">
<kw name="Change Password" library="LoginLibrary">
<arguments>
<arg>${USERNAME}</arg>
<arg>${PASSWORD}</arg>
<arg>${NEW PASSWORD}</arg>
</arguments>
<status status="PASS" starttime="20180214 20:33:18.100" endtime="20180214 20:33:18.173"></status>
</kw>
<kw name="Status Should Be" library="LoginLibrary">
<arguments>
<arg>SUCCESS</arg>
</arguments>
<status status="PASS" starttime="20180214 20:33:18.173" endtime="20180214 20:33:18.174"></status>
</kw>
<status status="PASS" starttime="20180214 20:33:18.100" endtime="20180214 20:33:18.174"></status>
</kw>
<kw name="Then she can log in with the new password">
<kw name="Login">
<arguments>
<arg>${USERNAME}</arg>
<arg>${NEW PASSWORD}</arg>
</arguments>
<kw name="Attempt To Login With Credentials" library="LoginLibrary">
<arguments>
<arg>${username}</arg>
<arg>${password}</arg>
</arguments>
<status status="PASS" starttime="20180214 20:33:18.175" endtime="20180214 20:33:18.250"></status>
</kw>
<kw name="Status Should Be" library="LoginLibrary">
<arguments>
<arg>Logged In</arg>
</arguments>
<status status="PASS" starttime="20180214 20:33:18.251" endtime="20180214 20:33:18.251"></status>
</kw>
<status status="PASS" starttime="20180214 20:33:18.175" endtime="20180214 20:33:18.252"></status>
</kw>
<status status="PASS" starttime="20180214 20:33:18.174" endtime="20180214 20:33:18.252"></status>
</kw>
<kw name="And she cannot use the old password anymore">
<kw name="Attempt To Login With Credentials" library="LoginLibrary">
<arguments>
<arg>${USERNAME}</arg>
<arg>${PASSWORD}</arg>
</arguments>
<status status="PASS" starttime="20180214 20:33:18.252" endtime="20180214 20:33:18.325"></status>
</kw>
<kw name="Status Should Be" library="LoginLibrary">
<arguments>
<arg>Access Denied</arg>
</arguments>
<status status="PASS" starttime="20180214 20:33:18.325" endtime="20180214 20:33:18.326"></status>
</kw>
<status status="PASS" starttime="20180214 20:33:18.252" endtime="20180214 20:33:18.326"></status>
</kw>
<tags>
<tag>example</tag>
<tag>quickstart</tag>
<tag>smoke</tag>
</tags>
<status status="PASS" starttime="20180214 20:33:18.024" endtime="20180214 20:33:18.327" critical="yes"></status>
</test>
<test id="s1-t4" name="Invalid password">
<kw name="Creating user with invalid password should fail">
<arguments>
<arg>abCD5</arg>
<arg>${PWD INVALID LENGTH}</arg>
</arguments>
<kw name="Create User" library="LoginLibrary">
<arguments>
<arg>example</arg>
<arg>${password}</arg>
</arguments>
<status status="PASS" starttime="20180214 20:33:18.328" endtime="20180214 20:33:18.401"></status>
</kw>
<kw name="Status Should Be" library="LoginLibrary">
<arguments>
<arg>Creating user failed: ${error}</arg>
</arguments>
<status status="PASS" starttime="20180214 20:33:18.402" endtime="20180214 20:33:18.402"></status>
</kw>
<status status="PASS" starttime="20180214 20:33:18.328" endtime="20180214 20:33:18.402"></status>
</kw>
<kw name="Creating user with invalid password should fail">
<arguments>
<arg>abCD567890123</arg>
<arg>${PWD INVALID LENGTH}</arg>
</arguments>
<kw name="Create User" library="LoginLibrary">
<arguments>
<arg>example</arg>
<arg>${password}</arg>
</arguments>
<status status="PASS" starttime="20180214 20:33:18.403" endtime="20180214 20:33:18.476"></status>
</kw>
<kw name="Status Should Be" library="LoginLibrary">
<arguments>
<arg>Creating user failed: ${error}</arg>
</arguments>
<status status="PASS" starttime="20180214 20:33:18.477" endtime="20180214 20:33:18.477"></status>
</kw>
<status status="PASS" starttime="20180214 20:33:18.403" endtime="20180214 20:33:18.477"></status>
</kw>
<kw name="Creating user with invalid password should fail">
<arguments>
<arg>123DEFG</arg>
<arg>${PWD INVALID CONTENT}</arg>
</arguments>
<kw name="Create User" library="LoginLibrary">
<arguments>
<arg>example</arg>
<arg>${password}</arg>
</arguments>
<status status="PASS" starttime="20180214 20:33:18.478" endtime="20180214 20:33:18.552"></status>
</kw>
<kw name="Status Should Be" library="LoginLibrary">
<arguments>
<arg>Creating user failed: ${error}</arg>
</arguments>
<status status="PASS" starttime="20180214 20:33:18.553" endtime="20180214 20:33:18.553"></status>
</kw>
<status status="PASS" starttime="20180214 20:33:18.478" endtime="20180214 20:33:18.554"></status>
</kw>
<kw name="Creating user with invalid password should fail">
<arguments>
<arg>abcd56789</arg>
<arg>${PWD INVALID CONTENT}</arg>
</arguments>
<kw name="Create User" library="LoginLibrary">
<arguments>
<arg>example</arg>
<arg>${password}</arg>
</arguments>
<status status="PASS" starttime="20180214 20:33:18.554" endtime="20180214 20:33:18.627"></status>
</kw>
<kw name="Status Should Be" library="LoginLibrary">
<arguments>
<arg>Creating user failed: ${error}</arg>
</arguments>
<status status="PASS" starttime="20180214 20:33:18.627" endtime="20180214 20:33:18.628"></status>
</kw>
<status status="PASS" starttime="20180214 20:33:18.554" endtime="20180214 20:33:18.628"></status>
</kw>
<kw name="Creating user with invalid password should fail">
<arguments>
<arg>AbCdEfGh</arg>
<arg>${PWD INVALID CONTENT}</arg>
</arguments>
<kw name="Create User" library="LoginLibrary">
<arguments>
<arg>example</arg>
<arg>${password}</arg>
</arguments>
<status status="PASS" starttime="20180214 20:33:18.629" endtime="20180214 20:33:18.701"></status>
</kw>
<kw name="Status Should Be" library="LoginLibrary">
<arguments>
<arg>Creating user failed: ${error}</arg>
</arguments>
<status status="PASS" starttime="20180214 20:33:18.702" endtime="20180214 20:33:18.703"></status>
</kw>
<status status="PASS" starttime="20180214 20:33:18.628" endtime="20180214 20:33:18.703"></status>
</kw>
<kw name="Creating user with invalid password should fail">
<arguments>
<arg>abCD56+</arg>
<arg>${PWD INVALID CONTENT}</arg>
</arguments>
<kw name="Create User" library="LoginLibrary">
<arguments>
<arg>example</arg>
<arg>${password}</arg>
</arguments>
<status status="PASS" starttime="20180214 20:33:18.704" endtime="20180214 20:33:18.774"></status>
</kw>
<kw name="Status Should Be" library="LoginLibrary">
<arguments>
<arg>Creating user failed: ${error}</arg>
</arguments>
<status status="PASS" starttime="20180214 20:33:18.775" endtime="20180214 20:33:18.775"></status>
</kw>
<status status="PASS" starttime="20180214 20:33:18.703" endtime="20180214 20:33:18.776"></status>
</kw>
<tags>
<tag>example</tag>
<tag>quickstart</tag>
<tag>smoke</tag>
</tags>
<status status="PASS" starttime="20180214 20:33:18.327" endtime="20180214 20:33:18.776" critical="yes"></status>
</test>
<test id="s1-t5" name="User status is stored in database">
<kw name="Create valid user">
<arguments>
<arg>${USERNAME}</arg>
<arg>${PASSWORD}</arg>
</arguments>
<kw name="Create User" library="LoginLibrary">
<arguments>
<arg>${username}</arg>
<arg>${password}</arg>
</arguments>
<status status="PASS" starttime="20180214 20:33:18.777" endtime="20180214 20:33:18.849"></status>
</kw>
<kw name="Status Should Be" library="LoginLibrary">
<arguments>
<arg>SUCCESS</arg>
</arguments>
<status status="PASS" starttime="20180214 20:33:18.849" endtime="20180214 20:33:18.850"></status>
</kw>
<status status="PASS" starttime="20180214 20:33:18.777" endtime="20180214 20:33:18.850"></status>
</kw>
<kw name="Database Should Contain">
<arguments>
<arg>${USERNAME}</arg>
<arg>${PASSWORD}</arg>
<arg>Inactive</arg>
</arguments>
<kw name="Get File" library="OperatingSystem">
<doc>Returns the contents of a specified file.</doc>
<arguments>
<arg>${DATABASE FILE}</arg>
</arguments>
<assign>
<var>${database}</var>
</assign>
<msg timestamp="20180214 20:33:18.851" level="INFO" html="yes">Getting file '&lt;a href="file:///var/folders/pc/fxtczc_j3_37b08vcjxv59p00000gn/T/robotframework-quickstart-db.txt"&gt;/var/folders/pc/fxtczc_j3_37b08vcjxv59p00000gn/T/robotframework-quickstart-db.txt&lt;/a&gt;'.</msg>
<msg timestamp="20180214 20:33:18.851" level="INFO">${database} = fred	P4ssw0rd	Active
betty	P4ssw0rd	Inactive
janedoe	J4n3D0e	Inactive
</msg>
<status status="PASS" starttime="20180214 20:33:18.851" endtime="20180214 20:33:18.851"></status>
</kw>
<kw name="Should Contain" library="BuiltIn">
<doc>Fails if ``container`` does not contain ``item`` one or more times.</doc>
<arguments>
<arg>${database}</arg>
<arg>${username}\t${password}\t${status}\n</arg>
</arguments>
<status status="PASS" starttime="20180214 20:33:18.852" endtime="20180214 20:33:18.852"></status>
</kw>
<status status="PASS" starttime="20180214 20:33:18.850" endtime="20180214 20:33:18.852"></status>
</kw>
<kw name="Login">
<arguments>
<arg>${USERNAME}</arg>
<arg>${PASSWORD}</arg>
</arguments>
<kw name="Attempt To Login With Credentials" library="LoginLibrary">
<arguments>
<arg>${username}</arg>
<arg>${password}</arg>
</arguments>
<status status="PASS" starttime="20180214 20:33:18.853" endtime="20180214 20:33:18.924"></status>
</kw>
<kw name="Status Should Be" library="LoginLibrary">
<arguments>
<arg>Logged In</arg>
</arguments>
<status status="PASS" starttime="20180214 20:33:18.924" endtime="20180214 20:33:18.925"></status>
</kw>
<status status="PASS" starttime="20180214 20:33:18.852" endtime="20180214 20:33:18.925"></status>
</kw>
<kw name="Database Should Contain">
<arguments>
<arg>${USERNAME}</arg>
<arg>${PASSWORD}</arg>
<arg>Active</arg>
</arguments>
<kw name="Get File" library="OperatingSystem">
<doc>Returns the contents of a specified file.</doc>
<arguments>
<arg>${DATABASE FILE}</arg>
</arguments>
<assign>
<var>${database}</var>
</assign>
<msg timestamp="20180214 20:33:18.926" level="INFO" html="yes">Getting file '&lt;a href="file:///var/folders/pc/fxtczc_j3_37b08vcjxv59p00000gn/T/robotframework-quickstart-db.txt"&gt;/var/folders/pc/fxtczc_j3_37b08vcjxv59p00000gn/T/robotframework-quickstart-db.txt&lt;/a&gt;'.</msg>
<msg timestamp="20180214 20:33:18.927" level="INFO">${database} = fred	P4ssw0rd	Active
betty	P4ssw0rd	Inactive
janedoe	J4n3D0e	Active
</msg>
<status status="PASS" starttime="20180214 20:33:18.926" endtime="20180214 20:33:18.927"></status>
</kw>
<kw name="Should Contain" library="BuiltIn">
<doc>Fails if ``container`` does not contain ``item`` one or more times.</doc>
<arguments>
<arg>${database}</arg>
<arg>${username}\t${password}\t${status}\n</arg>
</arguments>
<status status="PASS" starttime="20180214 20:33:18.927" endtime="20180214 20:33:18.927"></status>
</kw>
<status status="PASS" starttime="20180214 20:33:18.925" endtime="20180214 20:33:18.927"></status>
</kw>
<tags>
<tag>database</tag>
<tag>quickstart</tag>
<tag>variables</tag>
</tags>
<status status="PASS" starttime="20180214 20:33:18.776" endtime="20180214 20:33:18.928" critical="yes"></status>
</test>
<status status="PASS" starttime="20180214 20:33:17.679" endtime="20180214 20:33:18.929"></status>
</suite>
<statistics>
<total>
<stat pass="5" fail="0">Critical Tests</stat>
<stat pass="5" fail="0">All Tests</stat>
</total>
<tag>
<stat pass="1" fail="0">database</stat>
<stat pass="4" fail="0">example</stat>
<stat pass="5" fail="0">quickstart</stat>
<stat pass="4" fail="0">smoke</stat>
<stat pass="1" fail="0">variables</stat>
</tag>
<suite>
<stat pass="5" fail="0" id="s1" name="QuickStart">QuickStart</stat>
</suite>
</statistics>
<errors>
</errors>
</robot>
