<?xml version="1.0" encoding="UTF-8"?>
<robot generator="Robot 3.0.4 (Python 3.6.2 on darwin)" generated="20190525 16:56:36.999">
<suite id="s1" name="QuickStart" source="/Users/ccao/python-workshop/course4/robot-quick-start/QuickStart.robot">
<test id="s1-t1" name="User status is stored in database">
<kw name="Create valid user">
<arguments>
<arg>${USERNAME}</arg>
<arg>${PASSWORD}</arg>
</arguments>
<kw name="Create User" library="LoginLibrary">
<arguments>
<arg>${username}</arg>
<arg>${password}</arg>
</arguments>
<status status="PASS" starttime="20190525 16:56:37.169" endtime="20190525 16:56:37.239"></status>
</kw>
<kw name="Status Should Be" library="LoginLibrary">
<arguments>
<arg>SUCCESS</arg>
</arguments>
<status status="PASS" starttime="20190525 16:56:37.239" endtime="20190525 16:56:37.240"></status>
</kw>
<status status="PASS" starttime="20190525 16:56:37.168" endtime="20190525 16:56:37.240"></status>
</kw>
<kw name="Database Should Contain">
<arguments>
<arg>${USERNAME}</arg>
<arg>${PASSWORD}</arg>
<arg>Inactive</arg>
</arguments>
<kw name="Get File" library="OperatingSystem">
<doc>Returns the contents of a specified file.</doc>
<arguments>
<arg>${DATABASE FILE}</arg>
</arguments>
<assign>
<var>${database}</var>
</assign>
<msg timestamp="20190525 16:56:37.243" level="INFO" html="yes">Getting file '&lt;a href="file:///var/folders/pc/fxtczc_j3_37b08vcjxv59p00000gn/T/robotframework-quickstart-db.txt"&gt;/var/folders/pc/fxtczc_j3_37b08vcjxv59p00000gn/T/robotframework-quickstart-db.txt&lt;/a&gt;'.</msg>
<msg timestamp="20190525 16:56:37.243" level="INFO">${database} = fred	P4ssw0rd	Active
betty	P4ssw0rd	Inactive
janedoe	J4n3D0e	Inactive
</msg>
<status status="PASS" starttime="20190525 16:56:37.242" endtime="20190525 16:56:37.243"></status>
</kw>
<kw name="Should Contain" library="BuiltIn">
<doc>Fails if ``container`` does not contain ``item`` one or more times.</doc>
<arguments>
<arg>${database}</arg>
<arg>${username}\t${password}\t${status}\n</arg>
</arguments>
<status status="PASS" starttime="20190525 16:56:37.243" endtime="20190525 16:56:37.244"></status>
</kw>
<status status="PASS" starttime="20190525 16:56:37.241" endtime="20190525 16:56:37.244"></status>
</kw>
<kw name="Login">
<arguments>
<arg>${USERNAME}</arg>
<arg>${PASSWORD}</arg>
</arguments>
<kw name="Attempt To Login With Credentials" library="LoginLibrary">
<arguments>
<arg>${username}</arg>
<arg>${password}</arg>
</arguments>
<status status="PASS" starttime="20190525 16:56:37.244" endtime="20190525 16:56:37.316"></status>
</kw>
<kw name="Status Should Be" library="LoginLibrary">
<arguments>
<arg>Logged In</arg>
</arguments>
<status status="PASS" starttime="20190525 16:56:37.317" endtime="20190525 16:56:37.317"></status>
</kw>
<status status="PASS" starttime="20190525 16:56:37.244" endtime="20190525 16:56:37.317"></status>
</kw>
<kw name="Database Should Contain">
<arguments>
<arg>${USERNAME}</arg>
<arg>${PASSWORD}</arg>
<arg>Active</arg>
</arguments>
<kw name="Get File" library="OperatingSystem">
<doc>Returns the contents of a specified file.</doc>
<arguments>
<arg>${DATABASE FILE}</arg>
</arguments>
<assign>
<var>${database}</var>
</assign>
<msg timestamp="20190525 16:56:37.319" level="INFO" html="yes">Getting file '&lt;a href="file:///var/folders/pc/fxtczc_j3_37b08vcjxv59p00000gn/T/robotframework-quickstart-db.txt"&gt;/var/folders/pc/fxtczc_j3_37b08vcjxv59p00000gn/T/robotframework-quickstart-db.txt&lt;/a&gt;'.</msg>
<msg timestamp="20190525 16:56:37.319" level="INFO">${database} = fred	P4ssw0rd	Active
betty	P4ssw0rd	Inactive
janedoe	J4n3D0e	Active
</msg>
<status status="PASS" starttime="20190525 16:56:37.318" endtime="20190525 16:56:37.319"></status>
</kw>
<kw name="Should Contain" library="BuiltIn">
<doc>Fails if ``container`` does not contain ``item`` one or more times.</doc>
<arguments>
<arg>${database}</arg>
<arg>${username}\t${password}\t${status}\n</arg>
</arguments>
<status status="PASS" starttime="20190525 16:56:37.319" endtime="20190525 16:56:37.320"></status>
</kw>
<status status="PASS" starttime="20190525 16:56:37.318" endtime="20190525 16:56:37.320"></status>
</kw>
<tags>
<tag>database</tag>
<tag>quickstart</tag>
<tag>variables</tag>
</tags>
<status status="PASS" starttime="20190525 16:56:37.167" endtime="20190525 16:56:37.320" critical="yes"></status>
</test>
<status status="PASS" starttime="20190525 16:56:37.000" endtime="20190525 16:56:37.322"></status>
</suite>
<statistics>
<total>
<stat pass="1" fail="0">Critical Tests</stat>
<stat pass="1" fail="0">All Tests</stat>
</total>
<tag>
<stat pass="1" fail="0">database</stat>
<stat pass="1" fail="0">quickstart</stat>
<stat pass="1" fail="0">variables</stat>
</tag>
<suite>
<stat pass="1" fail="0" id="s1" name="QuickStart">QuickStart</stat>
</suite>
</statistics>
<errors>
</errors>
</robot>
